
Lmod is automatically replacing "intel/2016.4" with "gcc/6.4.0".


Inactive Modules:
  1) icc/.2016.4.258     2) ifort/.2016.4.258

The following have been reloaded with a version change:
  1) python/3.6.3 => python/3.7.4


Lmod is automatically replacing "intel/2016.4" with "gcc/6.4.0".

-------------------------------------------------------------------------------
The following dependent module(s) are not currently loaded: gcccore/.5.4.0 (required by: icc/.2016.4.258, ifort/.2016.4.258)
-------------------------------------------------------------------------------

Activating Modules:
  1) icc/.2016.4.258     2) ifort/.2016.4.258


The following have been reloaded with a version change:
  1) python/3.7.4 => python/3.6.3

-------------------------------------------------------------------------------
The following dependent module(s) are not currently loaded: gcccore/.5.4.0 (required by: icc/.2016.4.258, ifort/.2016.4.258)
-------------------------------------------------------------------------------
Ignoring pip: markers 'python_version < "3"' don't match your environment
Traceback (most recent call last):
  File "np_to_digihit_array_hdf5.py", line 28, in <module>
    raise Exception("Directory of this script ({}) is not a clean git directory:\n{}Need a clean git directory for storing script version in output file.".format(script_path, git_status))
Exception: Directory of this script (/scratch/arnabs/Data_Tools/root_utils) is not a clean git directory:
 M cedar_scripts/make_digihit_h5.sh-4294967294.err
 M cedar_scripts/make_digihit_h5.sh-4294967294.out
Need a clean git directory for storing script version in output file.
